<?xml version="1.0" encoding="UTF-8"?>
<testsuite name="ByteBuddyTestsTwo" tests="1" skipped="0" failures="0" errors="0" timestamp="2023-06-28T13:21:41" hostname="C11124" time="0.426">
  <properties/>
  <testcase name="start" classname="ByteBuddyTestsTwo" time="0.426"/>
  <system-out><![CDATA[?[1;31m
Start test 1?[0m
]]></system-out>
  <system-err><![CDATA[]]></system-err>
</testsuite>
