<?xml version="1.0" encoding="UTF-8"?>
<testsuite name="ByteBuddyTestsOne" tests="1" skipped="0" failures="0" errors="0" timestamp="2023-06-28T13:19:10" hostname="C11124" time="0.332">
  <properties/>
  <testcase name="start" classname="ByteBuddyTestsOne" time="0.332"/>
  <system-out><![CDATA[?[1;31m
Start test 1?[0m
]]></system-out>
  <system-err><![CDATA[]]></system-err>
</testsuite>
